Analysis & Synthesis report for SDprojeto
Tue Apr 28 10:14:41 2026
Quartus Prime Version 21.1.0 Build 842 10/21/2021 SJ Lite Edition


---------------------
; Table of Contents ;
---------------------
  1. Legal Notice
  2. Analysis & Synthesis Summary
  3. Analysis & Synthesis Settings
  4. Parallel Compilation
  5. Analysis & Synthesis Messages



----------------
; Legal Notice ;
----------------
Copyright (C) 2021  Intel Corporation. All rights reserved.
Your use of Intel Corporation's design tools, logic functions 
and other software and tools, and any partner logic 
functions, and any output files from any of the foregoing 
(including device programming or simulation files), and any 
associated documentation or information are expressly subject 
to the terms and conditions of the Intel Program License 
Subscription Agreement, the Intel Quartus Prime License Agreement,
the Intel FPGA IP License Agreement, or other applicable license
agreement, including, without limitation, that your use is for
the sole purpose of programming logic devices manufactured by
Intel and sold by Intel or its authorized distributors.  Please
refer to the applicable agreement for further details, at
https://fpgasoftware.intel.com/eula.



+----------------------------------------------------------------------------------+
; Analysis & Synthesis Summary                                                     ;
+------------------------------------+---------------------------------------------+
; Analysis & Synthesis Status        ; Failed - Tue Apr 28 10:14:41 2026           ;
; Quartus Prime Version              ; 21.1.0 Build 842 10/21/2021 SJ Lite Edition ;
; Revision Name                      ; SDprojeto                                   ;
; Top-level Entity Name              ; circuito_completo                           ;
; Family                             ; Cyclone IV E                                ;
; Total logic elements               ; N/A until Partition Merge                   ;
;     Total combinational functions  ; N/A until Partition Merge                   ;
;     Dedicated logic registers      ; N/A until Partition Merge                   ;
; Total registers                    ; N/A until Partition Merge                   ;
; Total pins                         ; N/A until Partition Merge                   ;
; Total virtual pins                 ; N/A until Partition Merge                   ;
; Total memory bits                  ; N/A until Partition Merge                   ;
; Embedded Multiplier 9-bit elements ; N/A until Partition Merge                   ;
; Total PLLs                         ; N/A until Partition Merge                   ;
+------------------------------------+---------------------------------------------+


+------------------------------------------------------------------------------------------------------------+
; Analysis & Synthesis Settings                                                                              ;
+------------------------------------------------------------------+--------------------+--------------------+
; Option                                                           ; Setting            ; Default Value      ;
+------------------------------------------------------------------+--------------------+--------------------+
; Top-level entity name                                            ; circuito_completo  ; SDprojeto          ;
; Family name                                                      ; Cyclone IV E       ; Cyclone V          ;
; Use smart compilation                                            ; Off                ; Off                ;
; Enable parallel Assembler and Timing Analyzer during compilation ; On                 ; On                 ;
; Enable compact report table                                      ; Off                ; Off                ;
; Restructure Multiplexers                                         ; Auto               ; Auto               ;
; Create Debugging Nodes for IP Cores                              ; Off                ; Off                ;
; Preserve fewer node names                                        ; On                 ; On                 ;
; Intel FPGA IP Evaluation Mode                                    ; Enable             ; Enable             ;
; Verilog Version                                                  ; Verilog_2001       ; Verilog_2001       ;
; VHDL Version                                                     ; VHDL_1993          ; VHDL_1993          ;
; State Machine Processing                                         ; Auto               ; Auto               ;
; Safe State Machine                                               ; Off                ; Off                ;
; Extract Verilog State Machines                                   ; On                 ; On                 ;
; Extract VHDL State Machines                                      ; On                 ; On                 ;
; Ignore Verilog initial constructs                                ; Off                ; Off                ;
; Iteration limit for constant Verilog loops                       ; 5000               ; 5000               ;
; Iteration limit for non-constant Verilog loops                   ; 250                ; 250                ;
; Add Pass-Through Logic to Inferred RAMs                          ; On                 ; On                 ;
; Infer RAMs from Raw Logic                                        ; On                 ; On                 ;
; Parallel Synthesis                                               ; On                 ; On                 ;
; DSP Block Balancing                                              ; Auto               ; Auto               ;
; NOT Gate Push-Back                                               ; On                 ; On                 ;
; Power-Up Don't Care                                              ; On                 ; On                 ;
; Remove Redundant Logic Cells                                     ; Off                ; Off                ;
; Remove Duplicate Registers                                       ; On                 ; On                 ;
; Ignore CARRY Buffers                                             ; Off                ; Off                ;
; Ignore CASCADE Buffers                                           ; Off                ; Off                ;
; Ignore GLOBAL Buffers                                            ; Off                ; Off                ;
; Ignore ROW GLOBAL Buffers                                        ; Off                ; Off                ;
; Ignore LCELL Buffers                                             ; Off                ; Off                ;
; Ignore SOFT Buffers                                              ; On                 ; On                 ;
; Limit AHDL Integers to 32 Bits                                   ; Off                ; Off                ;
; Optimization Technique                                           ; Balanced           ; Balanced           ;
; Carry Chain Length                                               ; 70                 ; 70                 ;
; Auto Carry Chains                                                ; On                 ; On                 ;
; Auto Open-Drain Pins                                             ; On                 ; On                 ;
; Perform WYSIWYG Primitive Resynthesis                            ; Off                ; Off                ;
; Auto ROM Replacement                                             ; On                 ; On                 ;
; Auto RAM Replacement                                             ; On                 ; On                 ;
; Auto DSP Block Replacement                                       ; On                 ; On                 ;
; Auto Shift Register Replacement                                  ; Auto               ; Auto               ;
; Allow Shift Register Merging across Hierarchies                  ; Auto               ; Auto               ;
; Auto Clock Enable Replacement                                    ; On                 ; On                 ;
; Strict RAM Replacement                                           ; Off                ; Off                ;
; Allow Synchronous Control Signals                                ; On                 ; On                 ;
; Force Use of Synchronous Clear Signals                           ; Off                ; Off                ;
; Auto RAM Block Balancing                                         ; On                 ; On                 ;
; Auto RAM to Logic Cell Conversion                                ; Off                ; Off                ;
; Auto Resource Sharing                                            ; Off                ; Off                ;
; Allow Any RAM Size For Recognition                               ; Off                ; Off                ;
; Allow Any ROM Size For Recognition                               ; Off                ; Off                ;
; Allow Any Shift Register Size For Recognition                    ; Off                ; Off                ;
; Use LogicLock Constraints during Resource Balancing              ; On                 ; On                 ;
; Ignore translate_off and synthesis_off directives                ; Off                ; Off                ;
; Timing-Driven Synthesis                                          ; On                 ; On                 ;
; Report Parameter Settings                                        ; On                 ; On                 ;
; Report Source Assignments                                        ; On                 ; On                 ;
; Report Connectivity Checks                                       ; On                 ; On                 ;
; Ignore Maximum Fan-Out Assignments                               ; Off                ; Off                ;
; Synchronization Register Chain Length                            ; 2                  ; 2                  ;
; Power Optimization During Synthesis                              ; Normal compilation ; Normal compilation ;
; HDL message level                                                ; Level2             ; Level2             ;
; Suppress Register Optimization Related Messages                  ; Off                ; Off                ;
; Number of Removed Registers Reported in Synthesis Report         ; 5000               ; 5000               ;
; Number of Swept Nodes Reported in Synthesis Report               ; 5000               ; 5000               ;
; Number of Inverted Registers Reported in Synthesis Report        ; 100                ; 100                ;
; Clock MUX Protection                                             ; On                 ; On                 ;
; Auto Gated Clock Conversion                                      ; Off                ; Off                ;
; Block Design Naming                                              ; Auto               ; Auto               ;
; SDC constraint protection                                        ; Off                ; Off                ;
; Synthesis Effort                                                 ; Auto               ; Auto               ;
; Shift Register Replacement - Allow Asynchronous Clear Signal     ; On                 ; On                 ;
; Pre-Mapping Resynthesis Optimization                             ; Off                ; Off                ;
; Analysis & Synthesis Message Level                               ; Medium             ; Medium             ;
; Disable Register Merging Across Hierarchies                      ; Auto               ; Auto               ;
; Resource Aware Inference For Block RAM                           ; On                 ; On                 ;
+------------------------------------------------------------------+--------------------+--------------------+


+------------------------------------------+
; Parallel Compilation                     ;
+----------------------------+-------------+
; Processors                 ; Number      ;
+----------------------------+-------------+
; Number detected on machine ; 8           ;
; Maximum allowed            ; 6           ;
;                            ;             ;
; Average used               ; 1.00        ;
; Maximum used               ; 1           ;
;                            ;             ;
; Usage by Processor         ; % Time Used ;
;     Processor 1            ; 100.0%      ;
+----------------------------+-------------+


+-------------------------------+
; Analysis & Synthesis Messages ;
+-------------------------------+
Info: *******************************************************************
Info: Running Quartus Prime Analysis & Synthesis
    Info: Version 21.1.0 Build 842 10/21/2021 SJ Lite Edition
    Info: Processing started: Tue Apr 28 10:14:32 2026
Info: Command: quartus_map --read_settings_files=on --write_settings_files=off SDprojeto -c SDprojeto
Warning (18236): Number of processors has not been specified which may cause overloading on shared machines.  Set the global assignment NUM_PARALLEL_PROCESSORS in your QSF to an appropriate value for best performance.
Info (20030): Parallel compilation is enabled and will use 6 of the 6 processors detected
Info (12021): Found 1 design units, including 1 entities, in source file soma.bdf
    Info (12023): Found entity 1: soma
Info (12021): Found 1 design units, including 1 entities, in source file complementa2.bdf
    Info (12023): Found entity 1: complementa2
Info (12021): Found 1 design units, including 1 entities, in source file somador.bdf
    Info (12023): Found entity 1: somador
Info (12021): Found 1 design units, including 1 entities, in source file circuito_completo.bdf
    Info (12023): Found entity 1: circuito_completo
Info (12021): Found 1 design units, including 1 entities, in source file comparador_sinal.bdf
    Info (12023): Found entity 1: comparador_sinal
Info (12021): Found 1 design units, including 1 entities, in source file comp_bit_cascata.bdf
    Info (12023): Found entity 1: comp_bit_cascata
Info (12021): Found 1 design units, including 1 entities, in source file comparadores_ula.bdf
    Info (12023): Found entity 1: comparadores_ULA
Info (12021): Found 1 design units, including 1 entities, in source file decodificador.bdf
    Info (12023): Found entity 1: Decodificador
Info (12021): Found 1 design units, including 1 entities, in source file blocos_logicos.bdf
    Info (12023): Found entity 1: blocos_logicos
Info (12021): Found 1 design units, including 1 entities, in source file mux_intermediario_operacoes_6bits.bdf
    Info (12023): Found entity 1: MUX_Intermediario_operacoes_6bits
Info (12021): Found 1 design units, including 1 entities, in source file mux_operacoes.bdf
    Info (12023): Found entity 1: MUX_Operacoes
Info (12021): Found 1 design units, including 1 entities, in source file conversor.bdf
    Info (12023): Found entity 1: Conversor
Info (12021): Found 1 design units, including 1 entities, in source file decoder_7seg.bdf
    Info (12023): Found entity 1: Decoder_7seg
Info (12021): Found 1 design units, including 1 entities, in source file mux_3p1.bdf
    Info (12023): Found entity 1: MUX_3p1
Info (12127): Elaborating entity "circuito_completo" for the top level hierarchy
Info (12128): Elaborating entity "Decodificador" for hierarchy "Decodificador:inst14"
Warning (275011): Block or symbol "NOT" of instance "inst5" overlaps another block or symbol
Warning (275011): Block or symbol "NOT" of instance "inst7" overlaps another block or symbol
Warning (275011): Block or symbol "NOT" of instance "inst9" overlaps another block or symbol
Warning (275011): Block or symbol "NOT" of instance "inst11" overlaps another block or symbol
Warning (275011): Block or symbol "NOT" of instance "inst12" overlaps another block or symbol
Warning (275011): Block or symbol "NOT" of instance "inst14" overlaps another block or symbol
Warning (275011): Block or symbol "NOT" of instance "inst16" overlaps another block or symbol
Warning (275011): Block or symbol "NOT" of instance "inst18" overlaps another block or symbol
Info (12128): Elaborating entity "Decoder_7seg" for hierarchy "Decodificador:inst14|Decoder_7seg:inst2"
Info (12128): Elaborating entity "Conversor" for hierarchy "Decodificador:inst14|Conversor:inst"
Info (12128): Elaborating entity "somador" for hierarchy "somador:inst"
Info (12128): Elaborating entity "complementa2" for hierarchy "somador:inst|complementa2:inst9"
Info (12128): Elaborating entity "soma" for hierarchy "somador:inst|complementa2:inst9|soma:inst"
Info (12128): Elaborating entity "MUX_3p1" for hierarchy "MUX_3p1:inst3"
Info (12128): Elaborating entity "comparadores_ULA" for hierarchy "comparadores_ULA:inst13"
Info (12128): Elaborating entity "comp_bit_cascata" for hierarchy "comparadores_ULA:inst13|comp_bit_cascata:bit0"
Info (12128): Elaborating entity "comparador_sinal" for hierarchy "comparadores_ULA:inst13|comparador_sinal:bit4"
Info (12128): Elaborating entity "MUX_Operacoes" for hierarchy "MUX_Operacoes:inst8"
Warning (275011): Block or symbol "MUX_Intermediario_operacoes_6bits" of instance "f9" overlaps another block or symbol
Warning (275043): Pin "f1" is missing source
Warning (275043): Pin "f2" is missing source
Info (12128): Elaborating entity "MUX_Intermediario_operacoes_6bits" for hierarchy "MUX_Operacoes:inst8|MUX_Intermediario_operacoes_6bits:f7"
Warning (275008): Primitive "AND3" of instance "011" not used
Warning (275008): Primitive "AND3" of instance "100" not used
Warning (275008): Primitive "AND3" of instance "101" not used
Info (12128): Elaborating entity "blocos_logicos" for hierarchy "blocos_logicos:inst6"
Error (12006): Node instance "122" instantiates undefined entity "segmento_a". Ensure that required library paths are specified correctly, define the specified entity, or change the instantiation. If this entity represents Intel FPGA or third-party IP, generate the synthesis files for the IP.
Error (12006): Node instance "123" instantiates undefined entity "segmento_b". Ensure that required library paths are specified correctly, define the specified entity, or change the instantiation. If this entity represents Intel FPGA or third-party IP, generate the synthesis files for the IP.
Error (12006): Node instance "124" instantiates undefined entity "segmento_c". Ensure that required library paths are specified correctly, define the specified entity, or change the instantiation. If this entity represents Intel FPGA or third-party IP, generate the synthesis files for the IP.
Error (12006): Node instance "125" instantiates undefined entity "segmento_d". Ensure that required library paths are specified correctly, define the specified entity, or change the instantiation. If this entity represents Intel FPGA or third-party IP, generate the synthesis files for the IP.
Error (12006): Node instance "126" instantiates undefined entity "segmento_e". Ensure that required library paths are specified correctly, define the specified entity, or change the instantiation. If this entity represents Intel FPGA or third-party IP, generate the synthesis files for the IP.
Error (12006): Node instance "127" instantiates undefined entity "segmeto_f". Ensure that required library paths are specified correctly, define the specified entity, or change the instantiation. If this entity represents Intel FPGA or third-party IP, generate the synthesis files for the IP.
Error (12006): Node instance "128" instantiates undefined entity "segmento_g". Ensure that required library paths are specified correctly, define the specified entity, or change the instantiation. If this entity represents Intel FPGA or third-party IP, generate the synthesis files for the IP.
Error (12006): Node instance "122" instantiates undefined entity "segmento_a". Ensure that required library paths are specified correctly, define the specified entity, or change the instantiation. If this entity represents Intel FPGA or third-party IP, generate the synthesis files for the IP.
Error (12006): Node instance "123" instantiates undefined entity "segmento_b". Ensure that required library paths are specified correctly, define the specified entity, or change the instantiation. If this entity represents Intel FPGA or third-party IP, generate the synthesis files for the IP.
Error (12006): Node instance "124" instantiates undefined entity "segmento_c". Ensure that required library paths are specified correctly, define the specified entity, or change the instantiation. If this entity represents Intel FPGA or third-party IP, generate the synthesis files for the IP.
Error (12006): Node instance "125" instantiates undefined entity "segmento_d". Ensure that required library paths are specified correctly, define the specified entity, or change the instantiation. If this entity represents Intel FPGA or third-party IP, generate the synthesis files for the IP.
Error (12006): Node instance "126" instantiates undefined entity "segmento_e". Ensure that required library paths are specified correctly, define the specified entity, or change the instantiation. If this entity represents Intel FPGA or third-party IP, generate the synthesis files for the IP.
Error (12006): Node instance "127" instantiates undefined entity "segmeto_f". Ensure that required library paths are specified correctly, define the specified entity, or change the instantiation. If this entity represents Intel FPGA or third-party IP, generate the synthesis files for the IP.
Error (12006): Node instance "128" instantiates undefined entity "segmento_g". Ensure that required library paths are specified correctly, define the specified entity, or change the instantiation. If this entity represents Intel FPGA or third-party IP, generate the synthesis files for the IP.
Error: Quartus Prime Analysis & Synthesis was unsuccessful. 14 errors, 15 warnings
    Error: Peak virtual memory: 4736 megabytes
    Error: Processing ended: Tue Apr 28 10:14:41 2026
    Error: Elapsed time: 00:00:09
    Error: Total CPU time (on all processors): 00:00:20


